
Start-Date: 2013-04-27  23:16:46
Commandline: apt-get install dialog dbus --yes --force-yes
Install: libdbus-1-3:i386 (1.2.24-4+squeeze2, automatic), libexpat1:i386 (2.0.1-7+squeeze1, automatic), dbus:i386 (1.2.24-4+squeeze2), libgpm2:i386 (1.20.4-3.3, automatic), adduser:i386 (3.112+nmu2, automatic), dialog:i386 (1.1-20100428-1), libncursesw5:i386 (5.7+20100313-5, automatic)
End-Date: 2013-04-27  23:16:57

Start-Date: 2013-04-27  23:17:48
Commandline: apt-get install nano
Install: nano:i386 (2.2.4-1)
End-Date: 2013-04-27  23:17:50

Start-Date: 2013-04-27  23:28:00
Commandline: apt-get -t squeeze-backports install linux-image-3.2.0-0.bpo.4-486 firmware-linux-free
Install: libpci3:i386 (3.1.7-6, automatic), libklibc:i386 (1.5.20-1+squeeze1, automatic), linux-image-3.2.0-0.bpo.4-486:i386 (3.2.41-2~bpo60+1), module-init-tools:i386 (3.12-2+b1, automatic), klibc-utils:i386 (1.5.20-1+squeeze1, automatic), initramfs-tools:i386 (0.99~bpo60+1, automatic), udev:i386 (164-3, automatic), cpio:i386 (2.11-4, automatic), pciutils:i386 (3.1.7-6, automatic), linux-base:i386 (3.4~bpo60+1, automatic), libuuid-perl:i386 (0.02-4, automatic), firmware-linux-free:i386 (2.6.32-48), libudev0:i386 (164-3, automatic), usbutils:i386 (0.87-5squeeze1, automatic), busybox:i386 (1.17.1-8, automatic)
End-Date: 2013-04-27  23:28:35

Start-Date: 2013-04-27  23:31:17
Commandline: apt-get install live-boot
Install: dmsetup:i386 (1.02.48-5, automatic), libpopt0:i386 (1.16-1, automatic), libdevmapper1.02.1:i386 (1.02.48-5, automatic), uuid-runtime:i386 (2.17.2-9, automatic), live-boot:i386 (2.0.15-1), rsync:i386 (3.0.7-2, automatic), file:i386 (5.04-5+squeeze2, automatic), live-boot-initramfs-tools:i386 (2.0.15-1, automatic), eject:i386 (2.1.5+deb1+cvs20081104-7.1, automatic), libmagic1:i386 (5.04-5+squeeze2, automatic)
End-Date: 2013-04-27  23:31:56

Start-Date: 2013-04-27  23:56:11
Commandline: apt-get install iproute
Install: iproute:i386 (20100519-3), libatm1:i386 (2.5.1-1.2, automatic)
End-Date: 2013-04-27  23:56:14

Start-Date: 2013-04-28  00:01:07
Commandline: apt-get install iputils-ping
Install: iputils-ping:i386 (20100418-3), libssl0.9.8:i386 (0.9.8o-4squeeze14, automatic)
End-Date: 2013-04-28  00:01:10

Start-Date: 2013-04-28  00:32:58
Commandline: apt-get remove rsync
Remove: rsync:i386 (3.0.7-2)
End-Date: 2013-04-28  00:32:59

Start-Date: 2013-04-28  00:33:51
Commandline: apt-get remove dialog
Remove: dialog:i386 (1.1-20100428-1)
End-Date: 2013-04-28  00:33:52

Start-Date: 2013-04-28  01:06:03
Commandline: apt-get autoremove
Remove: libpopt0:i386 (1.16-1)
End-Date: 2013-04-28  01:06:04

Start-Date: 2013-04-28  01:06:58
Commandline: apt-get remove live-boot
Remove: live-boot:i386 (2.0.15-1)
End-Date: 2013-04-28  01:06:59

Start-Date: 2013-04-28  01:07:10
Commandline: apt-get autoremove
Remove: file:i386 (5.04-5+squeeze2), live-boot-initramfs-tools:i386 (2.0.15-1), eject:i386 (2.1.5+deb1+cvs20081104-7.1), libmagic1:i386 (5.04-5+squeeze2)
End-Date: 2013-04-28  01:07:21

Start-Date: 2013-04-28  01:10:35
Commandline: apt-get install live-boot
Install: libpopt0:i386 (1.16-1, automatic), live-boot:i386 (2.0.15-1), rsync:i386 (3.0.7-2, automatic), file:i386 (5.04-5+squeeze2, automatic), live-boot-initramfs-tools:i386 (2.0.15-1, automatic), eject:i386 (2.1.5+deb1+cvs20081104-7.1, automatic), libmagic1:i386 (5.04-5+squeeze2, automatic)
End-Date: 2013-04-28  01:11:02

Start-Date: 2013-04-29  03:52:05
Commandline: apt-get remove linux-image-3.2.0-0.bpo.4-486
Remove: linux-image-3.2.0-0.bpo.4-486:i386 (3.2.41-2~bpo60+1)
End-Date: 2013-04-29  03:52:06

Start-Date: 2013-04-29  03:53:30
Commandline: apt-get autoremove
Remove: linux-base:i386 (3.4~bpo60+1), libuuid-perl:i386 (0.02-4)
End-Date: 2013-04-29  03:53:31

Start-Date: 2013-04-29  04:30:59
Commandline: apt-get remove linux-image-3.2.41-rt60
Remove: linux-image-3.2.41-rt60:i386 (limeroot.1.3)
End-Date: 2013-04-29  04:31:00

Start-Date: 2013-04-29  19:20:46
Commandline: apt-get remove linux-image-3.2.41-rt60
Remove: linux-image-3.2.41-rt60:i386 (limeroot.1.4)
End-Date: 2013-04-29  19:20:48

Start-Date: 2013-04-29  20:18:02
Commandline: apt-get remove iproute
Remove: iproute:i386 (20100519-3)
End-Date: 2013-04-29  20:18:03

Start-Date: 2013-04-29  21:30:28
Commandline: apt-get install localepurge
Install: procps:i386 (3.2.8-9squeeze1, automatic), psmisc:i386 (22.11-1, automatic), locales:i386 (2.11.3-4, automatic), ucf:i386 (3.0025+nmu1, automatic), localepurge:i386 (0.6.2+nmu1)
End-Date: 2013-04-29  21:31:12

Start-Date: 2013-04-29  21:32:05
Commandline: apt-get remove localepurge
Remove: localepurge:i386 (0.6.2+nmu1)
End-Date: 2013-04-29  21:32:06

Start-Date: 2013-04-29  21:32:31
Commandline: apt-get autoremove
Remove: procps:i386 (3.2.8-9squeeze1), libatm1:i386 (2.5.1-1.2), locales:i386 (2.11.3-4), ucf:i386 (3.0025+nmu1)
End-Date: 2013-04-29  21:32:33

Start-Date: 2013-04-29  22:56:18
Commandline: apt-get remove linux-image-3.2.41-rt60-limeroot
Remove: linux-image-3.2.41-rt60-limeroot:i386 (limeroot.1.5)
End-Date: 2013-04-29  22:56:20

Start-Date: 2013-04-29  23:10:42
Commandline: apt-get remove usbutils
Remove: usbutils:i386 (0.87-5squeeze1)
End-Date: 2013-04-29  23:10:44

Start-Date: 2013-04-29  23:11:46
Commandline: apt-get remove rsync
Remove: rsync:i386 (3.0.7-2)
End-Date: 2013-04-29  23:11:47

Start-Date: 2013-04-29  23:11:53
Commandline: apt-get autoremove
Remove: libpopt0:i386 (1.16-1)
End-Date: 2013-04-29  23:11:54

Start-Date: 2013-04-30  02:19:45
Commandline: apt-get --no-install-recommends install extlinux
Install: extlinux:i386 (4.05+dfsg-2~bpo60+1)
End-Date: 2013-04-30  02:19:47

Start-Date: 2013-04-30  02:32:36
Commandline: apt-get --no-install-recommends install php5-cgi
Install: libkeyutils1:i386 (1.5.2-2~bpo60+1, automatic), libkrb5-3:i386 (1.8.3+dfsg-4squeeze6, automatic), libkrb5support0:i386 (1.8.3+dfsg-4squeeze6, automatic), mime-support:i386 (3.48-1, automatic), libpcre3:i386 (8.02-1.1, automatic), libk5crypto3:i386 (1.8.3+dfsg-4squeeze6, automatic), libqdbm14:i386 (1.8.77-4, automatic), libonig2:i386 (5.9.1-1, automatic), libxml2:i386 (2.7.8.dfsg-2+squeeze6, automatic), ucf:i386 (3.0025+nmu1, automatic), php5-cgi:i386 (5.3.3-7+squeeze14), libgssapi-krb5-2:i386 (1.8.3+dfsg-4squeeze6, automatic), php5-common:i386 (5.3.3-7+squeeze14, automatic)
End-Date: 2013-04-30  02:32:48

Start-Date: 2013-04-30  02:33:46
Commandline: apt-get --no-install-recommends install localepurge
Install: procps:i386 (3.2.8-9squeeze1, automatic), locales:i386 (2.11.3-4, automatic), localepurge:i386 (0.6.2+nmu1)
End-Date: 2013-04-30  02:33:59

Start-Date: 2013-04-30  02:34:27
Commandline: apt-get --no-install-recommends install iproute
Install: iproute:i386 (20100519-3)
End-Date: 2013-04-30  02:34:29

Start-Date: 2013-04-30  02:34:46
Commandline: apt-get --no-install-recommends install iptables
Install: libnfnetlink0:i386 (1.0.0-1, automatic), iptables:i386 (1.4.8-3)
End-Date: 2013-04-30  02:34:48

Start-Date: 2013-04-30  02:35:12
Commandline: apt-get remove localepurge
Remove: localepurge:i386 (0.6.2+nmu1)
End-Date: 2013-04-30  02:35:13

Start-Date: 2013-04-30  02:35:23
Commandline: apt-get autoremove
Remove: procps:i386 (3.2.8-9squeeze1), locales:i386 (2.11.3-4)
End-Date: 2013-04-30  02:35:24

Start-Date: 2013-04-30  15:40:21
Commandline: apt-get remove php5-cgi
Remove: php5-cgi:i386 (5.3.3-7+squeeze14)
End-Date: 2013-04-30  15:40:22

Start-Date: 2013-04-30  15:40:30
Commandline: apt-get autoremove
Remove: libkeyutils1:i386 (1.5.2-2~bpo60+1), libkrb5-3:i386 (1.8.3+dfsg-4squeeze6), libkrb5support0:i386 (1.8.3+dfsg-4squeeze6), mime-support:i386 (3.48-1), libpcre3:i386 (8.02-1.1), libk5crypto3:i386 (1.8.3+dfsg-4squeeze6), libqdbm14:i386 (1.8.77-4), libonig2:i386 (5.9.1-1), libxml2:i386 (2.7.8.dfsg-2+squeeze6), ucf:i386 (3.0025+nmu1), libgssapi-krb5-2:i386 (1.8.3+dfsg-4squeeze6), php5-common:i386 (5.3.3-7+squeeze14)
End-Date: 2013-04-30  15:40:35

Start-Date: 2013-04-30  16:15:22
Commandline: apt-get --no-install-recommends install mdadm
Install: mdadm:i386 (3.2.5-3~bpo60+1)
End-Date: 2013-04-30  16:15:31

Start-Date: 2013-04-30  17:10:02
Commandline: apt-get remove lighttpd
Remove: lighttpd:i386 (1.4.32-1)
End-Date: 2013-04-30  17:10:03

Start-Date: 2013-04-30  17:24:27
Commandline: apt-get remove lighttpd
Remove: lighttpd:i386 (1.4.32-1)
End-Date: 2013-04-30  17:24:29

Start-Date: 2013-04-30  18:54:14
Commandline: apt-get remove php
Remove: php:i386 (5.3.24-1)
End-Date: 2013-04-30  18:54:15

Start-Date: 2013-04-30  18:59:05
Commandline: apt-get remove php
Remove: php:i386 (5.3.24-1)
End-Date: 2013-04-30  18:59:06

Start-Date: 2013-04-30  19:23:51
Commandline: apt-get remove php
Remove: php:i386 (5.3.24-1)
End-Date: 2013-04-30  19:23:52

Start-Date: 2013-04-30  19:31:10
Commandline: apt-get remove lighttpd
Remove: lighttpd:i386 (1.4.32-1)
End-Date: 2013-04-30  19:31:11

Start-Date: 2013-04-30  19:36:20
Commandline: apt-get remove lighttpd
Remove: lighttpd:i386 (1.4.32-1)
End-Date: 2013-04-30  19:36:21

Start-Date: 2013-04-30  23:05:21
Commandline: apt-get remove mdadm
Remove: mdadm:i386 (3.2.5-3~bpo60+1)
End-Date: 2013-04-30  23:05:24

Start-Date: 2013-05-01  17:02:40
Commandline: apt-get remove linux-image-3.2.41-rt60-limeroot
Remove: linux-image-3.2.41-rt60-limeroot:i386 (limeroot.1.6)
End-Date: 2013-05-01  17:02:42

Start-Date: 2013-05-01  17:06:17
Commandline: apt-get remove linux-image-3.2.41-rt60-limerootlive
Remove: linux-image-3.2.41-rt60-limerootlive:i386 (limeroot.1.0.live)
End-Date: 2013-05-01  17:06:18

Start-Date: 2013-05-02  16:49:18
Commandline: apt-get remove iputils-ping
Remove: iputils-ping:i386 (20100418-3)
End-Date: 2013-05-02  16:49:19

Start-Date: 2013-05-02  18:07:20
Commandline: apt-get install sqlite3
Install: libsqlite3-0:i386 (3.7.13-1~bpo60+1, automatic), sqlite3:i386 (3.7.13-1~bpo60+1)
End-Date: 2013-05-02  18:07:23

Start-Date: 2013-05-03  00:30:27
Commandline: apt-get autoremove
Remove: libssl0.9.8:i386 (0.9.8o-4squeeze14)
End-Date: 2013-05-03  00:30:28

Start-Date: 2013-05-03  00:41:07
Commandline: apt-get install libstdc++6
Install: gcc-4.7-base:i386 (4.7.2-5, automatic), multiarch-support:i386 (2.13-38, automatic)
Upgrade: libstdc++6:i386 (4.4.5-8, 4.7.2-5), libc-bin:i386 (2.11.3-4, 2.13-38), libc6:i386 (2.11.3-4, 2.13-38)
End-Date: 2013-05-03  00:41:20

Start-Date: 2013-05-23  21:59:01
Commandline: apt-get install syslog-ng --no-install-recommends
Install: libwrap0:i386 (7.6.q-19, automatic), libcap2:i386 (2.19-3, automatic), libdbi0:i386 (0.8.2-3, automatic), libpcre3:i386 (8.02-1.1, automatic), syslog-ng:i386 (3.1.3-3), libglib2.0-0:i386 (2.24.2-1, automatic), libssl0.9.8:i386 (0.9.8o-4squeeze14, automatic), libevtlog0:i386 (0.2.8~1-2, automatic), libnet1:i386 (1.1.4-2, automatic)
End-Date: 2013-05-23  21:59:09

Start-Date: 2013-05-23  21:59:57
Commandline: apt-get install pppoe --no-install-recommends
Install: procps:i386 (3.2.8-9squeeze1, automatic), libpcap0.8:i386 (1.1.1-2+squeeze1, automatic), ppp:i386 (2.4.5-4, automatic), pppoe:i386 (3.8-3)
End-Date: 2013-05-23  22:00:03

Start-Date: 2013-06-01  22:50:23
Commandline: apt-get remove linux-image-3.2.41-rt60-limeroot
Remove: linux-image-3.2.41-rt60-limeroot:i386 (limeroot.1.7)
End-Date: 2013-06-01  22:50:25

Start-Date: 2013-06-01  23:13:15
Commandline: apt-get remove linux-image-3.3.6-limeroot
Remove: linux-image-3.3.6-limeroot:i386 (limeroot.1.8)
End-Date: 2013-06-01  23:13:16

Start-Date: 2013-06-01  23:36:58
Commandline: apt-get remove linux-image-3.3.6-limeroot
Remove: linux-image-3.3.6-limeroot:i386 (1.9)
End-Date: 2013-06-01  23:36:59

Start-Date: 2013-06-10  16:34:56
Commandline: apt-get remove linux-image-3.3.6-limeroot
Remove: linux-image-3.3.6-limeroot:i386 (1.2.0)
End-Date: 2013-06-10  16:34:59

Start-Date: 2013-06-10  16:42:24
Commandline: apt-get remove dropbear
Remove: dropbear:i386 (2013.56+limeroot1)
End-Date: 2013-06-10  16:42:25

Start-Date: 2013-06-10  16:42:48
Commandline: apt-get install openssh-server --no-install-recommends
Install: libkeyutils1:i386 (1.5.2-2~bpo60+1, automatic), libedit2:i386 (2.11-20080614-2, automatic), libkrb5-3:i386 (1.8.3+dfsg-4squeeze6, automatic), libkrb5support0:i386 (1.8.3+dfsg-4squeeze6, automatic), libbsd0:i386 (0.2.0-1, automatic), libk5crypto3:i386 (1.8.3+dfsg-4squeeze6, automatic), openssh-client:i386 (5.5p1-6+squeeze3, automatic), openssh-blacklist:i386 (0.4.1, automatic), libgssapi-krb5-2:i386 (1.8.3+dfsg-4squeeze6, automatic), openssh-server:i386 (5.5p1-6+squeeze3)
End-Date: 2013-06-10  16:43:03

Start-Date: 2013-06-14  16:01:26
Commandline: apt-get install dnsmasq
Install: libidn11:i386 (1.15-2, automatic), dnsmasq-base:i386 (2.55-2+b1, automatic), netbase:i386 (4.45, automatic), ifupdown:i386 (0.6.10, automatic), net-tools:i386 (1.60-23, automatic), dnsmasq:i386 (2.55-2)
End-Date: 2013-06-14  16:01:36
