warning, in file '/var/lib/dpkg/status' near line 4 package 'dpkg':
 missing description
Selecting previously deselected package base-files.
dpkg: regarding .../base-files_6.0squeeze7_i386.deb containing base-files, pre-dependency problem:
 base-files pre-depends on awk
  awk is not installed.
dpkg: warning: ignoring pre-dependency problem!
(Reading database ... 0 files and directories currently installed.)
Unpacking base-files (from .../base-files_6.0squeeze7_i386.deb) ...
Selecting previously deselected package base-passwd.
Unpacking base-passwd (from .../base-passwd_3.5.22_i386.deb) ...
dpkg: base-passwd: dependency problems, but configuring anyway as you requested:
 base-passwd depends on libc6 (>= 2.1); however:
  Package libc6 is not installed.
Setting up base-passwd (3.5.22) ...
dpkg: base-files: dependency problems, but configuring anyway as you requested:
 base-files depends on awk; however:
  Package awk is not installed.
Setting up base-files (6.0squeeze7) ...
warning, in file '/var/lib/dpkg/status' near line 45 package 'dpkg':
 missing description
dpkg: regarding .../dpkg_1.15.8.13_i386.deb containing dpkg, pre-dependency problem:
 dpkg pre-depends on libbz2-1.0
  libbz2-1.0 is not installed.
dpkg: warning: ignoring pre-dependency problem!
dpkg: regarding .../dpkg_1.15.8.13_i386.deb containing dpkg, pre-dependency problem:
 dpkg pre-depends on libc6 (>= 2.6)
dpkg: warning: ignoring pre-dependency problem!
dpkg: regarding .../dpkg_1.15.8.13_i386.deb containing dpkg, pre-dependency problem:
 dpkg pre-depends on libselinux1 (>= 1.32)
dpkg: warning: ignoring pre-dependency problem!
dpkg: regarding .../dpkg_1.15.8.13_i386.deb containing dpkg, pre-dependency problem:
 dpkg pre-depends on zlib1g (>= 1:1.1.4)
dpkg: warning: ignoring pre-dependency problem!
dpkg: regarding .../dpkg_1.15.8.13_i386.deb containing dpkg, pre-dependency problem:
 dpkg pre-depends on coreutils (>= 5.93-1)
dpkg: warning: ignoring pre-dependency problem!
dpkg: regarding .../dpkg_1.15.8.13_i386.deb containing dpkg, pre-dependency problem:
 dpkg pre-depends on xz-utils
  xz-utils is not installed.
dpkg: warning: ignoring pre-dependency problem!
(Reading database ... 102 files and directories currently installed.)
Preparing to replace dpkg 1.15.8.13 (using .../dpkg_1.15.8.13_i386.deb) ...
Unpacking replacement dpkg ...
dpkg: dpkg: dependency problems, but configuring anyway as you requested:
 dpkg depends on libbz2-1.0; however:
  Package libbz2-1.0 is not installed.
 dpkg depends on libc6 (>= 2.6); however:
  Package libc6 is not installed.
 dpkg depends on libselinux1 (>= 1.32); however:
  Package libselinux1 is not installed.
 dpkg depends on zlib1g (>= 1:1.1.4); however:
  Package zlib1g is not installed.
 dpkg depends on coreutils (>= 5.93-1); however:
  Package coreutils is not installed.
 dpkg depends on xz-utils; however:
  Package xz-utils is not installed.
Setting up dpkg (1.15.8.13) ...
Selecting previously deselected package libc6.
(Reading database ... 349 files and directories currently installed.)
Unpacking libc6 (from .../libc6_2.11.3-4_i386.deb) ...
dpkg: libc6: dependency problems, but configuring anyway as you requested:
 libc6 depends on libc-bin (= 2.11.3-4); however:
  Package libc-bin is not installed.
 libc6 depends on libgcc1; however:
  Package libgcc1 is not installed.
Setting up libc6 (2.11.3-4) ...
Selecting previously deselected package perl-base.
(Reading database ... 656 files and directories currently installed.)
Unpacking perl-base (from .../perl-base_5.10.1-17squeeze5_i386.deb) ...
Setting up perl-base (5.10.1-17squeeze5) ...
Selecting previously deselected package mawk.
(Reading database ... 1295 files and directories currently installed.)
Unpacking mawk (from .../mawk_1.3.3-15_i386.deb) ...
Setting up mawk (1.3.3-15) ...
Selecting previously deselected package libacl1.
(Reading database ... 1314 files and directories currently installed.)
Unpacking libacl1 (from .../libacl1_2.2.49-4_i386.deb) ...
Selecting previously deselected package libattr1.
Unpacking libattr1 (from .../libattr1_1%3a2.4.44-2_i386.deb) ...
Preparing to replace base-files 6.0squeeze7 (using .../base-files_6.0squeeze7_i386.deb) ...
Unpacking replacement base-files ...
Preparing to replace base-passwd 3.5.22 (using .../base-passwd_3.5.22_i386.deb) ...
Unpacking replacement base-passwd ...
Selecting previously deselected package bash.
dpkg: regarding .../archives/bash_4.1-3_i386.deb containing bash, pre-dependency problem:
 bash pre-depends on dash (>= 0.5.5.1-2.2)
dpkg: warning: ignoring pre-dependency problem!
dpkg: regarding .../archives/bash_4.1-3_i386.deb containing bash, pre-dependency problem:
 bash pre-depends on libncurses5 (>= 5.7+20100313)
dpkg: warning: ignoring pre-dependency problem!
Unpacking bash (from .../archives/bash_4.1-3_i386.deb) ...
The bash upgrade discovered that your /bin/sh link points to dash.
As bash for Debian is destined to provide a working /bin/sh (pointing to
/bin/bash) your link will be overwritten by a default link.

If you don't want further upgrades to overwrite your customization, please
read /usr/share/doc/bash/README.Debian.gz for a more permanent solution.

[Press RETURN to continue]
Selecting previously deselected package libbz2-1.0.
Unpacking libbz2-1.0 (from .../libbz2-1.0_1.0.5-6+squeeze1_i386.deb) ...
Selecting previously deselected package coreutils.
dpkg: regarding .../coreutils_8.5-1_i386.deb containing coreutils, pre-dependency problem:
 coreutils pre-depends on libacl1 (>= 2.2.11-1)
  libacl1 is unpacked, but has never been configured.
dpkg: warning: ignoring pre-dependency problem!
dpkg: regarding .../coreutils_8.5-1_i386.deb containing coreutils, pre-dependency problem:
 coreutils pre-depends on libattr1 (>= 2.4.41-1)
  libattr1 is unpacked, but has never been configured.
dpkg: warning: ignoring pre-dependency problem!
dpkg: regarding .../coreutils_8.5-1_i386.deb containing coreutils, pre-dependency problem:
 coreutils pre-depends on libselinux1 (>= 1.32)
dpkg: warning: ignoring pre-dependency problem!
Unpacking coreutils (from .../coreutils_8.5-1_i386.deb) ...
Selecting previously deselected package dash.
Unpacking dash (from .../dash_0.5.5.1-7.4_i386.deb) ...
Adding 'diversion of /bin/sh to /bin/sh.distrib by dash'
Adding 'diversion of /usr/share/man/man1/sh.1.gz to /usr/share/man/man1/sh.distrib.1.gz by dash'
Selecting previously deselected package libdb4.8.
Unpacking libdb4.8 (from .../libdb4.8_4.8.30-2_i386.deb) ...
Selecting previously deselected package debconf-i18n.
Unpacking debconf-i18n (from .../debconf-i18n_1.5.36.1_all.deb) ...
Selecting previously deselected package debconf.
Unpacking debconf (from .../debconf_1.5.36.1_all.deb) ...
Selecting previously deselected package debianutils.
Unpacking debianutils (from .../debianutils_3.4_i386.deb) ...
Selecting previously deselected package diffutils.
Unpacking diffutils (from .../diffutils_1%3a3.0-1_i386.deb) ...
dpkg: regarding .../dpkg_1.15.8.13_i386.deb containing dpkg, pre-dependency problem:
 dpkg pre-depends on libbz2-1.0
  libbz2-1.0 is unpacked, but has never been configured.
dpkg: warning: ignoring pre-dependency problem!
dpkg: regarding .../dpkg_1.15.8.13_i386.deb containing dpkg, pre-dependency problem:
 dpkg pre-depends on libselinux1 (>= 1.32)
dpkg: warning: ignoring pre-dependency problem!
dpkg: regarding .../dpkg_1.15.8.13_i386.deb containing dpkg, pre-dependency problem:
 dpkg pre-depends on zlib1g (>= 1:1.1.4)
dpkg: warning: ignoring pre-dependency problem!
dpkg: regarding .../dpkg_1.15.8.13_i386.deb containing dpkg, pre-dependency problem:
 dpkg pre-depends on coreutils (>= 5.93-1)
  coreutils is unpacked, but has never been configured.
dpkg: warning: ignoring pre-dependency problem!
dpkg: regarding .../dpkg_1.15.8.13_i386.deb containing dpkg, pre-dependency problem:
 dpkg pre-depends on xz-utils
  xz-utils is not installed.
dpkg: warning: ignoring pre-dependency problem!
Preparing to replace dpkg 1.15.8.13 (using .../dpkg_1.15.8.13_i386.deb) ...
Unpacking replacement dpkg ...
Selecting previously deselected package e2fslibs.
Unpacking e2fslibs (from .../e2fslibs_1.41.12-4stable1_i386.deb) ...
Selecting previously deselected package e2fsprogs.
dpkg: regarding .../e2fsprogs_1.41.12-4stable1_i386.deb containing e2fsprogs, pre-dependency problem:
 e2fsprogs pre-depends on e2fslibs (= 1.41.12-4stable1)
  e2fslibs is unpacked, but has never been configured.
dpkg: warning: ignoring pre-dependency problem!
dpkg: regarding .../e2fsprogs_1.41.12-4stable1_i386.deb containing e2fsprogs, pre-dependency problem:
 e2fsprogs pre-depends on libblkid1 (>= 2.17.2)
dpkg: warning: ignoring pre-dependency problem!
dpkg: regarding .../e2fsprogs_1.41.12-4stable1_i386.deb containing e2fsprogs, pre-dependency problem:
 e2fsprogs pre-depends on libcomerr2 (>= 1.34-1)
dpkg: warning: ignoring pre-dependency problem!
dpkg: regarding .../e2fsprogs_1.41.12-4stable1_i386.deb containing e2fsprogs, pre-dependency problem:
 e2fsprogs pre-depends on libss2 (>= 1.34-1)
dpkg: warning: ignoring pre-dependency problem!
dpkg: regarding .../e2fsprogs_1.41.12-4stable1_i386.deb containing e2fsprogs, pre-dependency problem:
 e2fsprogs pre-depends on libuuid1 (>= 2.16)
dpkg: warning: ignoring pre-dependency problem!
dpkg: regarding .../e2fsprogs_1.41.12-4stable1_i386.deb containing e2fsprogs, pre-dependency problem:
 e2fsprogs pre-depends on util-linux (>= 2.15~rc1-1)
dpkg: warning: ignoring pre-dependency problem!
Unpacking e2fsprogs (from .../e2fsprogs_1.41.12-4stable1_i386.deb) ...
Selecting previously deselected package libcomerr2.
Unpacking libcomerr2 (from .../libcomerr2_1.41.12-4stable1_i386.deb) ...
Selecting previously deselected package libss2.
Unpacking libss2 (from .../libss2_1.41.12-4stable1_i386.deb) ...
Selecting previously deselected package libc-bin.
Unpacking libc-bin (from .../libc-bin_2.11.3-4_i386.deb) ...
Preparing to replace libc6 2.11.3-4 (using .../libc6_2.11.3-4_i386.deb) ...
Unpacking replacement libc6 ...
Selecting previously deselected package findutils.
Unpacking findutils (from .../findutils_4.4.2-1+b1_i386.deb) ...
Selecting previously deselected package gcc-4.4-base.
Unpacking gcc-4.4-base (from .../gcc-4.4-base_4.4.5-8_i386.deb) ...
Selecting previously deselected package libgcc1.
Unpacking libgcc1 (from .../libgcc1_1%3a4.4.5-8_i386.deb) ...
Selecting previously deselected package libstdc++6.
Unpacking libstdc++6 (from .../libstdc++6_4.4.5-8_i386.deb) ...
Selecting previously deselected package grep.
Unpacking grep (from .../archives/grep_2.6.3-3_i386.deb) ...
Selecting previously deselected package gzip.
Unpacking gzip (from .../gzip_1.3.12-9+squeeze1_i386.deb) ...
Selecting previously deselected package hostname.
Unpacking hostname (from .../hostname_3.04_i386.deb) ...
Selecting previously deselected package insserv.
Unpacking insserv (from .../insserv_1.14.0-2_i386.deb) ...
Selecting previously deselected package lsb-base.
Unpacking lsb-base (from .../lsb-base_3.2-23.2squeeze1_all.deb) ...
Selecting previously deselected package liblocale-gettext-perl.
Unpacking liblocale-gettext-perl (from .../liblocale-gettext-perl_1.05-6_i386.deb) ...
Selecting previously deselected package libselinux1.
Unpacking libselinux1 (from .../libselinux1_2.0.96-1_i386.deb) ...
Selecting previously deselected package libsepol1.
Unpacking libsepol1 (from .../libsepol1_2.0.41-1_i386.deb) ...
Selecting previously deselected package libtext-charwidth-perl.
Unpacking libtext-charwidth-perl (from .../libtext-charwidth-perl_0.04-6_i386.deb) ...
Selecting previously deselected package libtext-iconv-perl.
Unpacking libtext-iconv-perl (from .../libtext-iconv-perl_1.7-2_i386.deb) ...
Selecting previously deselected package libtext-wrapi18n-perl.
Unpacking libtext-wrapi18n-perl (from .../libtext-wrapi18n-perl_0.06-7_all.deb) ...
Preparing to replace mawk 1.3.3-15 (using .../mawk_1.3.3-15_i386.deb) ...
Unpacking replacement mawk ...
Selecting previously deselected package libncurses5.
Unpacking libncurses5 (from .../libncurses5_5.7+20100313-5_i386.deb) ...
Selecting previously deselected package ncurses-base.
Unpacking ncurses-base (from .../ncurses-base_5.7+20100313-5_all.deb) ...
Selecting previously deselected package ncurses-bin.
dpkg: regarding .../ncurses-bin_5.7+20100313-5_i386.deb containing ncurses-bin, pre-dependency problem:
 ncurses-bin pre-depends on libncurses5 (>= 5.7+20100313)
  libncurses5 is unpacked, but has never been configured.
dpkg: warning: ignoring pre-dependency problem!
Unpacking ncurses-bin (from .../ncurses-bin_5.7+20100313-5_i386.deb) ...
Selecting previously deselected package libpam-modules.
dpkg: regarding .../libpam-modules_1.1.1-6.1+squeeze1_i386.deb containing libpam-modules, pre-dependency problem:
 libpam-modules pre-depends on libdb4.8
  libdb4.8 is unpacked, but has never been configured.
dpkg: warning: ignoring pre-dependency problem!
dpkg: regarding .../libpam-modules_1.1.1-6.1+squeeze1_i386.deb containing libpam-modules, pre-dependency problem:
 libpam-modules pre-depends on libpam0g (>= 1.1.0)
dpkg: warning: ignoring pre-dependency problem!
dpkg: regarding .../libpam-modules_1.1.1-6.1+squeeze1_i386.deb containing libpam-modules, pre-dependency problem:
 libpam-modules pre-depends on libselinux1 (>= 2.0.85)
  libselinux1 is unpacked, but has never been configured.
dpkg: warning: ignoring pre-dependency problem!
dpkg: regarding .../libpam-modules_1.1.1-6.1+squeeze1_i386.deb containing libpam-modules, pre-dependency problem:
 libpam-modules pre-depends on debconf (>= 0.5) | debconf-2.0
  debconf is unpacked, but has never been configured.
  debconf provides debconf-2.0 but is unpacked but not configured.
dpkg: warning: ignoring pre-dependency problem!
Unpacking libpam-modules (from .../libpam-modules_1.1.1-6.1+squeeze1_i386.deb) ...
locale: Cannot set LC_ALL to default locale: No such file or directory
Selecting previously deselected package libpam-runtime.
Unpacking libpam-runtime (from .../libpam-runtime_1.1.1-6.1+squeeze1_all.deb) ...
Selecting previously deselected package libpam0g.
Unpacking libpam0g (from .../libpam0g_1.1.1-6.1+squeeze1_i386.deb) ...
Preparing to replace perl-base 5.10.1-17squeeze5 (using .../perl-base_5.10.1-17squeeze5_i386.deb) ...
Unpacking replacement perl-base ...
Selecting previously deselected package sed.
dpkg: regarding .../archives/sed_4.2.1-7_i386.deb containing sed, pre-dependency problem:
 sed pre-depends on libselinux1 (>= 1.32)
  libselinux1 is unpacked, but has never been configured.
dpkg: warning: ignoring pre-dependency problem!
Unpacking sed (from .../archives/sed_4.2.1-7_i386.deb) ...
Selecting previously deselected package sensible-utils.
Unpacking sensible-utils (from .../sensible-utils_0.0.4_all.deb) ...
Selecting previously deselected package login.
dpkg: regarding .../login_1%3a4.1.4.2+svn3283-2+squeeze1_i386.deb containing login, pre-dependency problem:
 login pre-depends on libpam0g (>= 0.99.7.1)
  libpam0g is unpacked, but has never been configured.
dpkg: warning: ignoring pre-dependency problem!
dpkg: regarding .../login_1%3a4.1.4.2+svn3283-2+squeeze1_i386.deb containing login, pre-dependency problem:
 login pre-depends on libpam-runtime
  libpam-runtime is unpacked, but has never been configured.
dpkg: warning: ignoring pre-dependency problem!
dpkg: regarding .../login_1%3a4.1.4.2+svn3283-2+squeeze1_i386.deb containing login, pre-dependency problem:
 login pre-depends on libpam-modules
  libpam-modules is unpacked, but has never been configured.
dpkg: warning: ignoring pre-dependency problem!
Unpacking login (from .../login_1%3a4.1.4.2+svn3283-2+squeeze1_i386.deb) ...
Selecting previously deselected package passwd.
Unpacking passwd (from .../passwd_1%3a4.1.4.2+svn3283-2+squeeze1_i386.deb) ...
Selecting previously deselected package libslang2.
Unpacking libslang2 (from .../libslang2_2.2.2-4_i386.deb) ...
Selecting previously deselected package initscripts.
Unpacking initscripts (from .../initscripts_2.88dsf-13.1+squeeze1_i386.deb) ...
Selecting previously deselected package sysv-rc.
Unpacking sysv-rc (from .../sysv-rc_2.88dsf-13.1+squeeze1_all.deb) ...
Selecting previously deselected package sysvinit-utils.
Unpacking sysvinit-utils (from .../sysvinit-utils_2.88dsf-13.1+squeeze1_i386.deb) ...
Selecting previously deselected package sysvinit.
dpkg: regarding .../sysvinit_2.88dsf-13.1+squeeze1_i386.deb containing sysvinit, pre-dependency problem:
 sysvinit pre-depends on initscripts
  initscripts is unpacked, but has never been configured.
dpkg: warning: ignoring pre-dependency problem!
dpkg: regarding .../sysvinit_2.88dsf-13.1+squeeze1_i386.deb containing sysvinit, pre-dependency problem:
 sysvinit pre-depends on sysv-rc | file-rc
  sysv-rc is unpacked, but has never been configured.
  file-rc is not installed.
dpkg: warning: ignoring pre-dependency problem!
dpkg: regarding .../sysvinit_2.88dsf-13.1+squeeze1_i386.deb containing sysvinit, pre-dependency problem:
 sysvinit pre-depends on sysvinit-utils (>= 2.86.ds1-66)
  sysvinit-utils is unpacked, but has never been configured.
dpkg: warning: ignoring pre-dependency problem!
Unpacking sysvinit (from .../sysvinit_2.88dsf-13.1+squeeze1_i386.deb) ...
Selecting previously deselected package tar.
Unpacking tar (from .../archives/tar_1.23-3_i386.deb) ...
Selecting previously deselected package tzdata.
Unpacking tzdata (from .../tzdata_2012g-0squeeze1_all.deb) ...
Selecting previously deselected package bsdutils.
Unpacking bsdutils (from .../bsdutils_1%3a2.17.2-9_i386.deb) ...
Selecting previously deselected package libblkid1.
Unpacking libblkid1 (from .../libblkid1_2.17.2-9_i386.deb) ...
Selecting previously deselected package libuuid1.
Unpacking libuuid1 (from .../libuuid1_2.17.2-9_i386.deb) ...
Selecting previously deselected package mount.
dpkg: regarding .../mount_2.17.2-9_i386.deb containing mount, pre-dependency problem:
 mount pre-depends on libblkid1 (>= 2.17.2)
  libblkid1 is unpacked, but has never been configured.
dpkg: warning: ignoring pre-dependency problem!
dpkg: regarding .../mount_2.17.2-9_i386.deb containing mount, pre-dependency problem:
 mount pre-depends on libselinux1 (>= 2.0.15)
  libselinux1 is unpacked, but has never been configured.
dpkg: warning: ignoring pre-dependency problem!
dpkg: regarding .../mount_2.17.2-9_i386.deb containing mount, pre-dependency problem:
 mount pre-depends on libsepol1 (>= 1.14)
  libsepol1 is unpacked, but has never been configured.
dpkg: warning: ignoring pre-dependency problem!
dpkg: regarding .../mount_2.17.2-9_i386.deb containing mount, pre-dependency problem:
 mount pre-depends on libuuid1 (>= 2.16)
  libuuid1 is unpacked, but has never been configured.
dpkg: warning: ignoring pre-dependency problem!
Unpacking mount (from .../mount_2.17.2-9_i386.deb) ...
Selecting previously deselected package util-linux.
dpkg: regarding .../util-linux_2.17.2-9_i386.deb containing util-linux, pre-dependency problem:
 util-linux pre-depends on libblkid1 (>= 2.17.2)
  libblkid1 is unpacked, but has never been configured.
dpkg: warning: ignoring pre-dependency problem!
dpkg: regarding .../util-linux_2.17.2-9_i386.deb containing util-linux, pre-dependency problem:
 util-linux pre-depends on libncurses5 (>= 5.7+20100313)
  libncurses5 is unpacked, but has never been configured.
dpkg: warning: ignoring pre-dependency problem!
dpkg: regarding .../util-linux_2.17.2-9_i386.deb containing util-linux, pre-dependency problem:
 util-linux pre-depends on libselinux1 (>= 1.32)
  libselinux1 is unpacked, but has never been configured.
dpkg: warning: ignoring pre-dependency problem!
dpkg: regarding .../util-linux_2.17.2-9_i386.deb containing util-linux, pre-dependency problem:
 util-linux pre-depends on libslang2 (>= 2.0.7-1)
  libslang2 is unpacked, but has never been configured.
dpkg: warning: ignoring pre-dependency problem!
dpkg: regarding .../util-linux_2.17.2-9_i386.deb containing util-linux, pre-dependency problem:
 util-linux pre-depends on libuuid1 (>= 2.16)
  libuuid1 is unpacked, but has never been configured.
dpkg: warning: ignoring pre-dependency problem!
dpkg: regarding .../util-linux_2.17.2-9_i386.deb containing util-linux, pre-dependency problem:
 util-linux pre-depends on zlib1g (>= 1:1.1.4)
dpkg: warning: ignoring pre-dependency problem!
Unpacking util-linux (from .../util-linux_2.17.2-9_i386.deb) ...
Selecting previously deselected package liblzma2.
Unpacking liblzma2 (from .../liblzma2_5.0.0-2_i386.deb) ...
Selecting previously deselected package xz-utils.
Unpacking xz-utils (from .../xz-utils_5.0.0-2_i386.deb) ...
Selecting previously deselected package zlib1g.
Unpacking zlib1g (from .../zlib1g_1%3a1.2.3.4.dfsg-3_i386.deb) ...
Setting up ncurses-base (5.7+20100313-5) ...
Setting up sensible-utils (0.0.4) ...
Setting up libc-bin (2.11.3-4) ...
Setting up gcc-4.4-base (4.4.5-8) ...
Setting up libc6 (2.11.3-4) ...
Setting up debianutils (3.4) ...
Setting up bsdutils (1:2.17.2-9) ...
Setting up libsepol1 (2.0.41-1) ...
Setting up diffutils (1:3.0-1) ...
Setting up tar (1.23-3) ...
update-alternatives: using /usr/sbin/rmt-tar to provide /usr/sbin/rmt (rmt) in auto mode.
Setting up zlib1g (1:1.2.3.4.dfsg-3) ...
Setting up libgcc1 (1:4.4.5-8) ...
Setting up libncurses5 (5.7+20100313-5) ...
Setting up libattr1 (1:2.4.44-2) ...
Setting up e2fslibs (1.41.12-4stable1) ...
Setting up base-passwd (3.5.22) ...
Setting up libcomerr2 (1.41.12-4stable1) ...
Setting up mawk (1.3.3-15) ...
Setting up libdb4.8 (4.8.30-2) ...
Setting up hostname (3.04) ...
Setting up libacl1 (2.2.49-4) ...
Setting up libslang2 (2.2.2-4) ...
Setting up libss2 (1.41.12-4stable1) ...
Setting up liblzma2 (5.0.0-2) ...
Setting up insserv (1.14.0-2) ...
Setting up gzip (1.3.12-9+squeeze1) ...
Setting up libbz2-1.0 (1.0.5-6+squeeze1) ...
Setting up libselinux1 (2.0.96-1) ...
Setting up libstdc++6 (4.4.5-8) ...
Setting up coreutils (8.5-1) ...
Setting up ncurses-bin (5.7+20100313-5) ...
Setting up base-files (6.0squeeze7) ...
Setting up xz-utils (5.0.0-2) ...
Setting up dpkg (1.15.8.13) ...
Setting up sysvinit-utils (2.88dsf-13.1+squeeze1) ...
Setting up dash (0.5.5.1-7.4) ...
locale: Cannot set LC_ALL to default locale: No such file or directory
Setting up perl-base (5.10.1-17squeeze5) ...
Setting up libtext-iconv-perl (1.7-2) ...
Setting up sed (4.2.1-7) ...
Setting up grep (2.6.3-3) ...
Setting up findutils (4.4.2-1+b1) ...
Setting up liblocale-gettext-perl (1.05-6) ...
Setting up bash (4.1-3) ...
update-alternatives: using /usr/share/man/man7/bash-builtins.7.gz to provide /usr/share/man/man7/builtins.7.gz (builtins.7.gz) in auto mode.
Setting up libtext-charwidth-perl (0.04-6) ...
Setting up libtext-wrapi18n-perl (0.06-7) ...
Setting up lsb-base (3.2-23.2squeeze1) ...
Setting up debconf-i18n (1.5.36.1) ...
Setting up debconf (1.5.36.1) ...
locale: Cannot set LC_ALL to default locale: No such file or directory
Setting up libpam0g (1.1.1-6.1+squeeze1) ...
locale: Cannot set LC_ALL to default locale: No such file or directory
Setting up sysv-rc (2.88dsf-13.1+squeeze1) ...
locale: Cannot set LC_ALL to default locale: No such file or directory
Setting up libpam-modules (1.1.1-6.1+squeeze1) ...
Setting up tzdata (2012g-0squeeze1) ...
locale: Cannot set LC_ALL to default locale: No such file or directory

Current default time zone: 'Etc/UTC'
Local time is now:      Sat Apr 27 22:44:07 UTC 2013.
Universal Time is now:  Sat Apr 27 22:44:07 UTC 2013.
Run 'dpkg-reconfigure tzdata' if you wish to change it.

Setting up passwd (1:4.1.4.2+svn3283-2+squeeze1) ...
Shadow passwords are now on.
Setting up libpam-runtime (1.1.1-6.1+squeeze1) ...
locale: Cannot set LC_ALL to default locale: No such file or directory
Setting up login (1:4.1.4.2+svn3283-2+squeeze1) ...
Setting up libuuid1 (2.17.2-9) ...
Setting up libblkid1 (2.17.2-9) ...
Setting up mount (2.17.2-9) ...
Setting up initscripts (2.88dsf-13.1+squeeze1) ...
Setting up util-linux (2.17.2-9) ...
update-alternatives: using /bin/more to provide /usr/bin/pager (pager) in auto mode.
Setting up sysvinit (2.88dsf-13.1+squeeze1) ...
sysvinit: creating /dev/initctl
init: timeout opening/writing control channel /dev/initctl
Setting up e2fsprogs (1.41.12-4stable1) ...
(Reading database ... 5754 files and directories currently installed.)
Unpacking apt (from .../apt_0.8.10.3+squeeze1_i386.deb) ...
Unpacking debian-archive-keyring (from .../debian-archive-keyring_2010.08.28+squeeze1_all.deb) ...
Unpacking gnupg (from .../gnupg_1.4.10-4+squeeze1_i386.deb) ...
Unpacking gpgv (from .../gpgv_1.4.10-4+squeeze1_i386.deb) ...
Unpacking libusb-0.1-4 (from .../libusb-0.1-4_2%3a0.1.12-16_i386.deb) ...
Unpacking libreadline6 (from .../libreadline6_6.1-3_i386.deb) ...
Unpacking readline-common (from .../readline-common_6.1-3_all.deb) ...
Setting up libusb-0.1-4 (2:0.1.12-16) ...
Setting up readline-common (6.1-3) ...
Setting up libreadline6 (6.1-3) ...
Setting up gpgv (1.4.10-4+squeeze1) ...
Setting up gnupg (1.4.10-4+squeeze1) ...
Setting up debian-archive-keyring (2010.08.28+squeeze1) ...
gpg: keyring `/etc/apt/trusted.gpg' created
gpg: /etc/apt/trustdb.gpg: trustdb created
gpg: key F42584E6: public key "Lenny Stable Release Key <debian-release@lists.debian.org>" imported
gpg: key 55BE302B: public key "Debian Archive Automatic Signing Key (5.0/lenny) <ftpmaster@debian.org>" imported
gpg: key 6D849617: public key "Debian-Volatile Archive Automatic Signing Key (5.0/lenny)" imported
gpg: key B98321F9: public key "Squeeze Stable Release Key <debian-release@lists.debian.org>" imported
gpg: key 473041FA: public key "Debian Archive Automatic Signing Key (6.0/squeeze) <ftpmaster@debian.org>" imported
gpg: key 46925553: public key "Debian Archive Automatic Signing Key (7.0/wheezy) <ftpmaster@debian.org>" imported
gpg: key 65FFB764: public key "Wheezy Stable Release Key <debian-release@lists.debian.org>" imported
gpg: Total number processed: 7
gpg:               imported: 7  (RSA: 6)
gpg: no ultimately trusted keys found
Setting up apt (0.8.10.3+squeeze1) ...
gpg: key F42584E6: "Lenny Stable Release Key <debian-release@lists.debian.org>" not changed
gpg: key 55BE302B: "Debian Archive Automatic Signing Key (5.0/lenny) <ftpmaster@debian.org>" not changed
gpg: key 6D849617: "Debian-Volatile Archive Automatic Signing Key (5.0/lenny)" not changed
gpg: key B98321F9: "Squeeze Stable Release Key <debian-release@lists.debian.org>" not changed
gpg: key 473041FA: "Debian Archive Automatic Signing Key (6.0/squeeze) <ftpmaster@debian.org>" not changed
gpg: key 46925553: "Debian Archive Automatic Signing Key (7.0/wheezy) <ftpmaster@debian.org>" not changed
gpg: key 65FFB764: "Wheezy Stable Release Key <debian-release@lists.debian.org>" not changed
gpg: Total number processed: 7
gpg:              unchanged: 7
